Determining if the pthread_create exist failed with the following output:
Change Dir: /home/tbf/projects/test/pcl/tutorials/range_image/extracting_borders_from_range_image/build/CMakeFiles/CMakeTmp

Run Build Command:"/usr/bin/make" "cmTC_240f6/fast"
make[1]: Entering directory '/home/tbf/projects/test/pcl/tutorials/range_image/extracting_borders_from_range_image/build/CMakeFiles/CMakeTmp'
/usr/bin/make -f CMakeFiles/cmTC_240f6.dir/build.make CMakeFiles/cmTC_240f6.dir/build
make[2]: Entering directory '/home/tbf/projects/test/pcl/tutorials/range_image/extracting_borders_from_range_image/build/CMakeFiles/CMakeTmp'
Building C object CMakeFiles/cmTC_240f6.dir/CheckSymbolExists.c.o
/usr/bin/cc     -o CMakeFiles/cmTC_240f6.dir/CheckSymbolExists.c.o   -c /home/tbf/projects/test/pcl/tutorials/range_image/extracting_borders_from_range_image/build/CMakeFiles/CMakeTmp/CheckSymbolExists.c
Linking C executable cmTC_240f6
/usr/bin/cmake -E cmake_link_script CMakeFiles/cmTC_240f6.dir/link.txt --verbose=1
/usr/bin/cc       CMakeFiles/cmTC_240f6.dir/CheckSymbolExists.c.o  -o cmTC_240f6 -rdynamic 
CMakeFiles/cmTC_240f6.dir/CheckSymbolExists.c.o：在函数‘main’中：
CheckSymbolExists.c:(.text+0x16)：对‘pthread_create’未定义的引用
collect2: error: ld returned 1 exit status
CMakeFiles/cmTC_240f6.dir/build.make:97: recipe for target 'cmTC_240f6' failed
make[2]: *** [cmTC_240f6] Error 1
make[2]: Leaving directory '/home/tbf/projects/test/pcl/tutorials/range_image/extracting_borders_from_range_image/build/CMakeFiles/CMakeTmp'
Makefile:126: recipe for target 'cmTC_240f6/fast' failed
make[1]: *** [cmTC_240f6/fast] Error 2
make[1]: Leaving directory '/home/tbf/projects/test/pcl/tutorials/range_image/extracting_borders_from_range_image/build/CMakeFiles/CMakeTmp'

File /home/tbf/projects/test/pcl/tutorials/range_image/extracting_borders_from_range_image/build/CMakeFiles/CMakeTmp/CheckSymbolExists.c:
/* */
#include <pthread.h>

int main(int argc, char** argv)
{
  (void)argv;
#ifndef pthread_create
  return ((int*)(&pthread_create))[argc];
#else
  (void)argc;
  return 0;
#endif
}

Determining if the function pthread_create exists in the pthreads failed with the following output:
Change Dir: /home/tbf/projects/test/pcl/tutorials/range_image/extracting_borders_from_range_image/build/CMakeFiles/CMakeTmp

Run Build Command:"/usr/bin/make" "cmTC_b1714/fast"
make[1]: Entering directory '/home/tbf/projects/test/pcl/tutorials/range_image/extracting_borders_from_range_image/build/CMakeFiles/CMakeTmp'
/usr/bin/make -f CMakeFiles/cmTC_b1714.dir/build.make CMakeFiles/cmTC_b1714.dir/build
make[2]: Entering directory '/home/tbf/projects/test/pcl/tutorials/range_image/extracting_borders_from_range_image/build/CMakeFiles/CMakeTmp'
Building C object CMakeFiles/cmTC_b1714.dir/CheckFunctionExists.c.o
/usr/bin/cc    -DCHECK_FUNCTION_EXISTS=pthread_create   -o CMakeFiles/cmTC_b1714.dir/CheckFunctionExists.c.o   -c /usr/share/cmake-3.5/Modules/CheckFunctionExists.c
Linking C executable cmTC_b1714
/usr/bin/cmake -E cmake_link_script CMakeFiles/cmTC_b1714.dir/link.txt --verbose=1
/usr/bin/cc   -DCHECK_FUNCTION_EXISTS=pthread_create    CMakeFiles/cmTC_b1714.dir/CheckFunctionExists.c.o  -o cmTC_b1714 -rdynamic -lpthreads 
/usr/bin/ld: 找不到 -lpthreads
collect2: error: ld returned 1 exit status
CMakeFiles/cmTC_b1714.dir/build.make:97: recipe for target 'cmTC_b1714' failed
make[2]: *** [cmTC_b1714] Error 1
make[2]: Leaving directory '/home/tbf/projects/test/pcl/tutorials/range_image/extracting_borders_from_range_image/build/CMakeFiles/CMakeTmp'
Makefile:126: recipe for target 'cmTC_b1714/fast' failed
make[1]: *** [cmTC_b1714/fast] Error 2
make[1]: Leaving directory '/home/tbf/projects/test/pcl/tutorials/range_image/extracting_borders_from_range_image/build/CMakeFiles/CMakeTmp'


