Determining if the pthread_create exist failed with the following output:
Change Dir: /home/tbf/projects/demo/pcl/tutorials/surface/greedy_projection_triangulation/build/CMakeFiles/CMakeTmp

Run Build Command:"/usr/bin/make" "cmTC_2836d/fast"
/usr/bin/make -f CMakeFiles/cmTC_2836d.dir/build.make CMakeFiles/cmTC_2836d.dir/build
make[1]: Entering directory '/home/tbf/projects/demo/pcl/tutorials/surface/greedy_projection_triangulation/build/CMakeFiles/CMakeTmp'
Building C object CMakeFiles/cmTC_2836d.dir/CheckSymbolExists.c.o
/usr/bin/cc     -o CMakeFiles/cmTC_2836d.dir/CheckSymbolExists.c.o   -c /home/tbf/projects/demo/pcl/tutorials/surface/greedy_projection_triangulation/build/CMakeFiles/CMakeTmp/CheckSymbolExists.c
Linking C executable cmTC_2836d
/usr/bin/cmake -E cmake_link_script CMakeFiles/cmTC_2836d.dir/link.txt --verbose=1
/usr/bin/cc       CMakeFiles/cmTC_2836d.dir/CheckSymbolExists.c.o  -o cmTC_2836d -rdynamic 
CMakeFiles/cmTC_2836d.dir/CheckSymbolExists.c.o：在函数‘main’中：
CheckSymbolExists.c:(.text+0x16)：对‘pthread_create’未定义的引用
collect2: error: ld returned 1 exit status
CMakeFiles/cmTC_2836d.dir/build.make:97: recipe for target 'cmTC_2836d' failed
make[1]: *** [cmTC_2836d] Error 1
make[1]: Leaving directory '/home/tbf/projects/demo/pcl/tutorials/surface/greedy_projection_triangulation/build/CMakeFiles/CMakeTmp'
Makefile:126: recipe for target 'cmTC_2836d/fast' failed
make: *** [cmTC_2836d/fast] Error 2

File /home/tbf/projects/demo/pcl/tutorials/surface/greedy_projection_triangulation/build/CMakeFiles/CMakeTmp/CheckSymbolExists.c:
/* */
#include <pthread.h>

int main(int argc, char** argv)
{
  (void)argv;
#ifndef pthread_create
  return ((int*)(&pthread_create))[argc];
#else
  (void)argc;
  return 0;
#endif
}

Determining if the function pthread_create exists in the pthreads failed with the following output:
Change Dir: /home/tbf/projects/demo/pcl/tutorials/surface/greedy_projection_triangulation/build/CMakeFiles/CMakeTmp

Run Build Command:"/usr/bin/make" "cmTC_add28/fast"
/usr/bin/make -f CMakeFiles/cmTC_add28.dir/build.make CMakeFiles/cmTC_add28.dir/build
make[1]: Entering directory '/home/tbf/projects/demo/pcl/tutorials/surface/greedy_projection_triangulation/build/CMakeFiles/CMakeTmp'
Building C object CMakeFiles/cmTC_add28.dir/CheckFunctionExists.c.o
/usr/bin/cc    -DCHECK_FUNCTION_EXISTS=pthread_create   -o CMakeFiles/cmTC_add28.dir/CheckFunctionExists.c.o   -c /usr/share/cmake-3.5/Modules/CheckFunctionExists.c
Linking C executable cmTC_add28
/usr/bin/cmake -E cmake_link_script CMakeFiles/cmTC_add28.dir/link.txt --verbose=1
/usr/bin/cc   -DCHECK_FUNCTION_EXISTS=pthread_create    CMakeFiles/cmTC_add28.dir/CheckFunctionExists.c.o  -o cmTC_add28 -rdynamic -lpthreads 
/usr/bin/ld: 找不到 -lpthreads
collect2: error: ld returned 1 exit status
CMakeFiles/cmTC_add28.dir/build.make:97: recipe for target 'cmTC_add28' failed
make[1]: *** [cmTC_add28] Error 1
make[1]: Leaving directory '/home/tbf/projects/demo/pcl/tutorials/surface/greedy_projection_triangulation/build/CMakeFiles/CMakeTmp'
Makefile:126: recipe for target 'cmTC_add28/fast' failed
make: *** [cmTC_add28/fast] Error 2


